<?xml version="1.0" encoding="UTF-8"?>
<testsuite name="com.rakuten.inv.pilot.UserMasterMapperTest" time="0.688" tests="1" errors="0" skipped="0" failures="0">
  <properties>
    <property name="java.runtime.name" value="Java(TM) SE Runtime Environment"/>
    <property name="sun.boot.library.path" value="C:\Program Files\Java\jdk1.8.0_11\jre\bin"/>
    <property name="java.vm.version" value="25.11-b03"/>
    <property name="java.vm.vendor" value="Oracle Corporation"/>
    <property name="maven.multiModuleProjectDirectory" value="C:\PMI\Workspace-1\pmi-dao"/>
    <property name="java.vendor.url" value="http://java.oracle.com/"/>
    <property name="path.separator" value=";"/>
    <property name="guice.disable.misplaced.annotation.check" value="true"/>
    <property name="java.vm.name" value="Java HotSpot(TM) 64-Bit Server VM"/>
    <property name="file.encoding.pkg" value="sun.io"/>
    <property name="user.script" value=""/>
    <property name="user.country" value="JP"/>
    <property name="sun.java.launcher" value="SUN_STANDARD"/>
    <property name="sun.os.patch.level" value=""/>
    <property name="java.vm.specification.name" value="Java Virtual Machine Specification"/>
    <property name="user.dir" value="C:\PMI\Workspace-1\pmi-dao"/>
    <property name="java.runtime.version" value="1.8.0_11-b12"/>
    <property name="java.awt.graphicsenv" value="sun.awt.Win32GraphicsEnvironment"/>
    <property name="java.endorsed.dirs" value="C:\Program Files\Java\jdk1.8.0_11\jre\lib\endorsed"/>
    <property name="os.arch" value="amd64"/>
    <property name="java.io.tmpdir" value="C:\Users\chunhui.li\AppData\Local\Temp\"/>
    <property name="line.separator" value="&#10;"/>
    <property name="java.vm.specification.vendor" value="Oracle Corporation"/>
    <property name="user.variant" value=""/>
    <property name="os.name" value="Windows 8.1"/>
    <property name="classworlds.conf" value="C:\PMI\Workspace-1\.metadata\.plugins\org.eclipse.m2e.launching\launches\m2conf3122463118404965634.tmp"/>
    <property name="sun.jnu.encoding" value="MS932"/>
    <property name="java.library.path" value="C:\Program Files\Java\jdk1.8.0_11\bin;C:\windows\Sun\Java\bin;C:\windows\system32;C:\windows;C:/Program Files/Java/jre1.8.0_111/bin/server;C:/Program Files/Java/jre1.8.0_111/bin;C:/Program Files/Java/jre1.8.0_111/lib/amd64;C:\ProgramData\Oracle\Java\javapath;C:\windows\system32;C:\windows;C:\windows\System32\Wbem;C:\windows\System32\WindowsPowerShell\v1.0\;C:\Program Files (x86)\CheckPoint\Endpoint Security\Endpoint Common\bin;C:\Program Files\Git\cmd;C:\Program Files\nodejs\;C:\Program Files\MongoDB\Server\3.2\bin;C:\A-LICHUNHUI\02-training\00-aris\mysql-5.6.19-winx64\bin;C:\Program Files\Java\jdk1.8.0_11\bin;C:\Users\chunhui.li\AppData\Roaming\npm;C:\PMI\software\sts-bundle\sts-3.8.4.RELEASE;;."/>
    <property name="java.specification.name" value="Java Platform API Specification"/>
    <property name="java.class.version" value="52.0"/>
    <property name="sun.management.compiler" value="HotSpot 64-Bit Tiered Compilers"/>
    <property name="os.version" value="6.3"/>
    <property name="user.home" value="C:\Users\chunhui.li"/>
    <property name="user.timezone" value="Asia/Shanghai"/>
    <property name="java.awt.printerjob" value="sun.awt.windows.WPrinterJob"/>
    <property name="java.specification.version" value="1.8"/>
    <property name="file.encoding" value="MS932"/>
    <property name="user.name" value="chunhui.li"/>
    <property name="java.class.path" value="/C:/PMI/software/sts-bundle/sts-3.8.4.RELEASE/plugins/org.eclipse.m2e.maven.runtime_1.7.0.20160603-1931/jars/plexus-classworlds-2.5.2.jar"/>
    <property name="java.vm.specification.version" value="1.8"/>
    <property name="sun.arch.data.model" value="64"/>
    <property name="java.home" value="C:\Program Files\Java\jdk1.8.0_11\jre"/>
    <property name="sun.java.command" value="org.codehaus.plexus.classworlds.launcher.Launcher -B install"/>
    <property name="java.specification.vendor" value="Oracle Corporation"/>
    <property name="user.language" value="ja"/>
    <property name="awt.toolkit" value="sun.awt.windows.WToolkit"/>
    <property name="java.vm.info" value="mixed mode"/>
    <property name="java.version" value="1.8.0_11"/>
    <property name="java.ext.dirs" value="C:\Program Files\Java\jdk1.8.0_11\jre\lib\ext;C:\windows\Sun\Java\lib\ext"/>
    <property name="sun.boot.class.path" value="C:\Program Files\Java\jdk1.8.0_11\jre\lib\resources.jar;C:\Program Files\Java\jdk1.8.0_11\jre\lib\rt.jar;C:\Program Files\Java\jdk1.8.0_11\jre\lib\sunrsasign.jar;C:\Program Files\Java\jdk1.8.0_11\jre\lib\jsse.jar;C:\Program Files\Java\jdk1.8.0_11\jre\lib\jce.jar;C:\Program Files\Java\jdk1.8.0_11\jre\lib\charsets.jar;C:\Program Files\Java\jdk1.8.0_11\jre\lib\jfr.jar;C:\Program Files\Java\jdk1.8.0_11\jre\classes"/>
    <property name="java.vendor" value="Oracle Corporation"/>
    <property name="maven.home" value="C:\PMI\Workspace-1\pmi-dao\EMBEDDED"/>
    <property name="file.separator" value="\"/>
    <property name="java.vendor.url.bug" value="http://bugreport.sun.com/bugreport/"/>
    <property name="sun.cpu.endian" value="little"/>
    <property name="sun.io.unicode.encoding" value="UnicodeLittle"/>
    <property name="sun.desktop" value="windows"/>
    <property name="sun.cpu.isalist" value="amd64"/>
  </properties>
  <testcase name="countByExample_001" classname="com.rakuten.inv.pilot.UserMasterMapperTest" time="0.688"/>
</testsuite>